#
# There is insufficient memory for the Java Runtime Environment to continue.
# Native memory allocation (malloc) failed to allocate 1048576 bytes for AllocateHeap
# Possible reasons:
#   The system is out of physical RAM or swap space
#   In 32 bit mode, the process size limit was hit
# Possible solutions:
#   Reduce memory load on the system
#   Increase physical memory or swap space
#   Check if swap backing store is full
#   Use 64 bit Java on a 64 bit OS
#   Decrease Java heap size (-Xmx/-Xms)
#   Decrease number of Java threads
#   Decrease Java thread stack sizes (-Xss)
#   Set larger code cache with -XX:ReservedCodeCacheSize=
# This output file may be truncated or incomplete.
#
#  Out of Memory Error (memory/allocation.inline.hpp:61), pid=6748, tid=0x00000000000021f8
#
# JRE version:  (8.0_101-b13) (build )
# Java VM: Java HotSpot(TM) 64-Bit Server VM (25.101-b13 mixed mode windows-amd64 compressed oops)
# Failed to write core dump. Minidumps are not enabled by default on client versions of Windows
#

---------------  T H R E A D  ---------------

Current thread (0x00000000020a0800):  JavaThread "Unknown thread" [_thread_in_vm, id=8696, stack(0x0000000001fa0000,0x00000000020a0000)]

Stack: [0x0000000001fa0000,0x00000000020a0000]
[error occurred during error reporting (printing stack bounds), id 0xc0000005]

Native frames: (J=compiled Java code, j=interpreted, Vv=VM code, C=native code)


---------------  P R O C E S S  ---------------

Java Threads: ( => current thread )

Other Threads:

=>0x00000000020a0800 (exited) JavaThread "Unknown thread" [_thread_in_vm, id=8696, stack(0x0000000001fa0000,0x00000000020a0000)]

VM state:not at safepoint (normal execution)

VM Mutex/Monitor currently owned by a thread: None

Heap:
 PSYoungGen      total 37888K, used 655K [0x00000000d6000000, 0x00000000d8a00000, 0x0000000100000000)
  eden space 32768K, 2% used [0x00000000d6000000,0x00000000d60a3d80,0x00000000d8000000)
  from space 5120K, 0% used [0x00000000d8500000,0x00000000d8500000,0x00000000d8a00000)
  to   space 5120K, 0% used [0x00000000d8000000,0x00000000d8000000,0x00000000d8500000)
 ParOldGen       total 86016K, used 0K [0x0000000082000000, 0x0000000087400000, 0x00000000d6000000)
  object space 86016K, 0% used [0x0000000082000000,0x0000000082000000,0x0000000087400000)
 Metaspace       used 746K, capacity 4480K, committed 4480K, reserved 1056768K
  class space    used 75K, capacity 384K, committed 384K, reserved 1048576K

Card table byte_map: [0x0000000011560000,0x0000000011960000] byte_map_base: 0x0000000011150000

Marking Bits: (ParMarkBitMap*) 0x000000006eb1a6d0
 Begin Bits: [0x0000000012000000, 0x0000000013f80000)
 End Bits:   [0x0000000013f80000, 0x0000000015f00000)

Polling page: 0x0000000000620000

CodeCache: size=245760Kb used=328Kb max_used=328Kb free=245431Kb
 bounds [0x00000000021a0000, 0x0000000002410000, 0x00000000111a0000]
 total_blobs=58 nmethods=0 adapters=38
 compilation: enabled

Compilation events (0 events):
No events

GC Heap History (0 events):
No events

Deoptimization events (0 events):
No events

Internal exceptions (0 events):
No events

Events (10 events):
Event: 0.068 loading class java/lang/Short
Event: 0.068 loading class java/lang/Short done
Event: 0.068 loading class java/lang/Integer
Event: 0.068 loading class java/lang/Integer done
Event: 0.068 loading class java/lang/Long
Event: 0.069 loading class java/lang/Long done
Event: 0.070 loading class java/lang/NullPointerException
Event: 0.070 loading class java/lang/NullPointerException done
Event: 0.070 loading class java/lang/ArithmeticException
Event: 0.070 loading class java/lang/ArithmeticException done


Dynamic libraries:
0x00007ff6ccab0000 - 0x00007ff6ccae7000 	C:\Program Files\Java\jre1.8.0_101\bin\javaw.exe
0x00007ffb9e610000 - 0x00007ffb9e7e1000 	C:\WINDOWS\SYSTEM32\ntdll.dll
0x00007ffb9e090000 - 0x00007ffb9e13b000 	C:\WINDOWS\System32\KERNEL32.DLL
0x00007ffb81120000 - 0x00007ffb81153000 	C:\Program Files\AVAST Software\Avast\x64\aswhooka.dll
0x00007ffb9b620000 - 0x00007ffb9b83d000 	C:\WINDOWS\System32\KERNELBASE.dll
0x00007ffb9c3b0000 - 0x00007ffb9c452000 	C:\WINDOWS\System32\ADVAPI32.dll
0x00007ffb9dff0000 - 0x00007ffb9e08e000 	C:\WINDOWS\System32\msvcrt.dll
0x00007ffb9e2b0000 - 0x00007ffb9e309000 	C:\WINDOWS\System32\sechost.dll
0x00007ffb9e3c0000 - 0x00007ffb9e4e1000 	C:\WINDOWS\System32\RPCRT4.dll
0x00007ffb9dbe0000 - 0x00007ffb9dd45000 	C:\WINDOWS\System32\USER32.dll
0x00007ffb9ba70000 - 0x00007ffb9ba8e000 	C:\WINDOWS\System32\win32u.dll
0x00007ffb9c4c0000 - 0x00007ffb9c4f4000 	C:\WINDOWS\System32\GDI32.dll
0x00007ffb9b8e0000 - 0x00007ffb9ba62000 	C:\WINDOWS\System32\gdi32full.dll
0x00007ffb924b0000 - 0x00007ffb9272a000 	C:\WINDOWS\WinSxS\amd64_microsoft.windows.common-controls_6595b64144ccf1df_6.0.14393.953_none_42151e83c686086b\COMCTL32.dll
0x00007ffb9bfd0000 - 0x00007ffb9c298000 	C:\WINDOWS\System32\combase.dll
0x00007ffb9b4d0000 - 0x00007ffb9b5c5000 	C:\WINDOWS\System32\ucrtbase.dll
0x00007ffb9ab00000 - 0x00007ffb9ab6a000 	C:\WINDOWS\System32\bcryptPrimitives.dll
0x00007ffb9e140000 - 0x00007ffb9e16e000 	C:\WINDOWS\System32\IMM32.DLL
0x000000006e190000 - 0x000000006e262000 	C:\Program Files\Java\jre1.8.0_101\bin\msvcr100.dll
0x000000006e300000 - 0x000000006eb9a000 	C:\Program Files\Java\jre1.8.0_101\bin\server\jvm.dll
0x00007ffb9c330000 - 0x00007ffb9c338000 	C:\WINDOWS\System32\PSAPI.DLL
0x00007ffb974e0000 - 0x00007ffb974e9000 	C:\WINDOWS\SYSTEM32\WSOCK32.dll
0x00007ffb9c340000 - 0x00007ffb9c3aa000 	C:\WINDOWS\System32\WS2_32.dll
0x00007ffb98a70000 - 0x00007ffb98a93000 	C:\WINDOWS\SYSTEM32\WINMM.dll
0x00007ffb961b0000 - 0x00007ffb961ba000 	C:\WINDOWS\SYSTEM32\VERSION.dll
0x00007ffb988b0000 - 0x00007ffb988db000 	C:\WINDOWS\SYSTEM32\WINMMBASE.dll
0x00007ffb9b5d0000 - 0x00007ffb9b612000 	C:\WINDOWS\System32\cfgmgr32.dll
0x000000006f130000 - 0x000000006f13f000 	C:\Program Files\Java\jre1.8.0_101\bin\verify.dll
0x000000006f100000 - 0x000000006f129000 	C:\Program Files\Java\jre1.8.0_101\bin\java.dll
0x000000006e2e0000 - 0x000000006e2f6000 	C:\Program Files\Java\jre1.8.0_101\bin\zip.dll

VM Arguments:
jvm_args: -Dfile.encoding=Cp1252 
java_command: Login
java_class_path (initial): C:\Users\zeros\Desktop\workspace\IntermediateJavaFinalLab\bin;C:\Users\zeros\Desktop\workspace\IntermediateJavaFinalLab\libs\mysql-connector-java-5.1.41-bin.jar
Launcher Type: SUN_STANDARD

Environment Variables:
PATH=C:/Program Files/Java/jre1.8.0_101/bin/server;C:/Program Files/Java/jre1.8.0_101/bin;C:/Program Files/Java/jre1.8.0_101/lib/amd64;C:\ProgramData\Oracle\Java\javapath;C:\Program Files (x86)\Intel\iCLS Client\;C:\Program Files\Intel\iCLS Client\;C:\Windows\system32;C:\Windows;C:\Windows\System32\Wbem;C:\Windows\System32\WindowsPowerShell\v1.0\;C:\Program Files (x86)\NVIDIA Corporation\PhysX\Common;C:\Program Files (x86)\Intel\Intel(R) Management Engine Components\DAL;C:\Program Files\Intel\Intel(R) Management Engine Components\DAL;C:\Program Files (x86)\Intel\Intel(R) Management Engine Components\IPT;C:\Program Files\Intel\Intel(R) Management Engine Components\IPT;C:\WINDOWS\system32;C:\WINDOWS;C:\WINDOWS\System32\Wbem;C:\WINDOWS\System32\WindowsPowerShell\v1.0\;C:\Program Files (x86)\Calibre2\;C:\Program Files (x86)\PharosSystems\Core;C:\Program Files (x86)\Skype\Phone\;C:\Users\zeros\AppData\Local\Programs\Python\Python36-32\Scripts\;C:\Users\zeros\AppData\Local\Programs\Python\Python36-32\;C:\Users\zeros\AppData\Local\Microsoft\WindowsApps;;C:\Users\zeros\eclipse\java-neon\eclipse;
USERNAME=zeros
OS=Windows_NT
PROCESSOR_IDENTIFIER=Intel64 Family 6 Model 78 Stepping 3, GenuineIntel



---------------  S Y S T E M  ---------------

OS: Windows 10.0 , 64 bit Build 14393 (10.0.14393.0)

CPU:total 4 (2 cores per cpu, 2 threads per core) family 6 model 78 stepping 3, cmov, cx8, fxsr, mmx, sse, sse2, sse3, ssse3, sse4.1, sse4.2, popcnt, avx, avx2, aes, clmul, erms, 3dnowpref, lzcnt, ht, tsc, tscinvbit, bmi1, bmi2, adx

Memory: 4k page, physical 8249432k(1639088k free), swap 33415256k(5248k free)

vm_info: Java HotSpot(TM) 64-Bit Server VM (25.101-b13) for windows-amd64 JRE (1.8.0_101-b13), built on Jun 22 2016 01:21:29 by "java_re" with MS VC++ 10.0 (VS2010)

time: Fri Apr 28 15:33:12 2017
elapsed time: 0 seconds (0d 0h 0m 0s)

